app/build/intermediates/manifest_merge_blame_file/debug/manifest-merger-blame-debug-report.txt
1<?xml version="1.0" encoding="utf-8"?>
2<!-- suppress AndroidDomInspection -->
3<manifest xmlns:android="http://schemas.android.com/apk/res/android"
4    package="pdf.pdftool"
5    android:versionCode="1"
6    android:versionName="1.0" >
7
8    <uses-sdk
9        android:minSdkVersion="21"
9-->src\main\AndroidManifest.xml
10        android:targetSdkVersion="32" />
10-->src\main\AndroidManifest.xml
11
12    <uses-permission android:name="android.permission.WRITE_EXTERNAL_STORAGE" />
12-->src\main\AndroidManifest.xml:6:5-81
12-->src\main\AndroidManifest.xml:6:22-78
13    <uses-permission android:name="android.permission.READ_EXTERNAL_STORAGE" />
13-->src\main\AndroidManifest.xml:7:5-80
13-->src\main\AndroidManifest.xml:7:22-77
14
15    <uses-feature android:name="android.hardware.camera" />
15-->src\main\AndroidManifest.xml:9:5-60
15-->src\main\AndroidManifest.xml:9:19-57
16    <uses-feature
16-->src\main\AndroidManifest.xml:10:5-12:36
17        android:name="android.hardware.camera.autofocus"
17-->src\main\AndroidManifest.xml:11:9-57
18        android:required="false" />
18-->src\main\AndroidManifest.xml:12:9-33
19
20    <uses-permission android:name="android.permission.CAMERA" />
20-->src\main\AndroidManifest.xml:14:5-65
20-->src\main\AndroidManifest.xml:14:22-62
21
22    <uses-feature
22-->[com.journeyapps:zxing-android-embedded:3.4.0] AndroidManifest.xml:27:5-29:36
23        android:name="android.hardware.camera.front"
23-->[com.journeyapps:zxing-android-embedded:3.4.0] AndroidManifest.xml:28:9-53
24        android:required="false" />
24-->[com.journeyapps:zxing-android-embedded:3.4.0] AndroidManifest.xml:29:9-33
25    <uses-feature
25-->[com.journeyapps:zxing-android-embedded:3.4.0] AndroidManifest.xml:35:5-37:36
26        android:name="android.hardware.camera.flash"
26-->[com.journeyapps:zxing-android-embedded:3.4.0] AndroidManifest.xml:36:9-53
27        android:required="false" />
27-->[com.journeyapps:zxing-android-embedded:3.4.0] AndroidManifest.xml:37:9-33
28    <uses-feature
28-->[com.journeyapps:zxing-android-embedded:3.4.0] AndroidManifest.xml:38:5-40:36
29        android:name="android.hardware.screen.landscape"
29-->[com.journeyapps:zxing-android-embedded:3.4.0] AndroidManifest.xml:39:9-57
30        android:required="false" />
30-->[com.journeyapps:zxing-android-embedded:3.4.0] AndroidManifest.xml:40:9-33
31    <uses-feature
31-->[com.journeyapps:zxing-android-embedded:3.4.0] AndroidManifest.xml:41:5-43:36
32        android:name="android.hardware.wifi"
32-->[com.journeyapps:zxing-android-embedded:3.4.0] AndroidManifest.xml:42:9-45
33        android:required="false" />
33-->[com.journeyapps:zxing-android-embedded:3.4.0] AndroidManifest.xml:43:9-33
34
35    <uses-permission android:name="android.permission.INTERNET" />
35-->[com.facebook.android:audience-network-sdk:5.11.0] AndroidManifest.xml:11:5-67
35-->[com.facebook.android:audience-network-sdk:5.11.0] AndroidManifest.xml:11:22-64
36    <uses-permission android:name="android.permission.ACCESS_NETWORK_STATE" />
36-->[com.facebook.android:audience-network-sdk:5.11.0] AndroidManifest.xml:12:5-79
36-->[com.facebook.android:audience-network-sdk:5.11.0] AndroidManifest.xml:12:22-76
37    <uses-permission android:name="android.permission.WAKE_LOCK" />
37-->[com.google.android.gms:play-services-measurement-sdk-api:17.2.0] AndroidManifest.xml:25:5-68
37-->[com.google.android.gms:play-services-measurement-sdk-api:17.2.0] AndroidManifest.xml:25:22-65
38
39    <application
39-->src\main\AndroidManifest.xml:16:5-87:19
40        android:name="pdf.pdftool.util.PDFApplication"
40-->src\main\AndroidManifest.xml:17:9-44
41        android:allowBackup="true"
41-->src\main\AndroidManifest.xml:18:9-35
42        android:appComponentFactory="androidx.core.app.CoreComponentFactory"
42-->[androidx.core:core:1.3.0] AndroidManifest.xml:24:18-86
43        android:dataExtractionRules="@xml/data_extraction_rules"
43-->src\main\AndroidManifest.xml:29:9-65
44        android:debuggable="true"
45        android:fullBackupContent="@xml/backup_descriptor"
45-->src\main\AndroidManifest.xml:19:9-59
46        android:hardwareAccelerated="true"
46-->src\main\AndroidManifest.xml:20:9-43
47        android:icon="@drawable/app_icon"
47-->src\main\AndroidManifest.xml:21:9-42
48        android:label="@string/app_name"
48-->src\main\AndroidManifest.xml:22:9-41
49        android:largeHeap="true"
49-->src\main\AndroidManifest.xml:24:9-33
50        android:requestLegacyExternalStorage="true"
50-->src\main\AndroidManifest.xml:25:9-52
51        android:roundIcon="@drawable/ic_launcher_round"
51-->src\main\AndroidManifest.xml:23:9-56
52        android:supportsRtl="true"
52-->src\main\AndroidManifest.xml:26:9-35
53        android:testOnly="true"
54        android:theme="@style/AppThemeWhite" >
54-->src\main\AndroidManifest.xml:27:9-45
55
56        <!-- Sample AdMob App ID: ca-app-pub-3940256099942544~3347511713 -->
57        <meta-data
57-->src\main\AndroidManifest.xml:32:9-34:51
58            android:name="com.google.android.gms.ads.APPLICATION_ID"
58-->src\main\AndroidManifest.xml:33:13-69
59            android:value="@string/Admob_app_id" />
59-->src\main\AndroidManifest.xml:34:13-49
60
61        <activity
61-->src\main\AndroidManifest.xml:36:9-38:59
62            android:name="com.theartofdev.edmodo.cropper.CropImageActivity"
62-->src\main\AndroidManifest.xml:37:13-76
63            android:theme="@style/Base.Theme.AppCompat" />
63-->src\main\AndroidManifest.xml:38:13-56
64        <activity
64-->src\main\AndroidManifest.xml:39:9-66:20
65            android:name="pdf.pdftool.activity.MainActivity"
65-->src\main\AndroidManifest.xml:40:13-61
66            android:exported="true"
66-->src\main\AndroidManifest.xml:44:13-36
67            android:label="@string/app_name"
67-->src\main\AndroidManifest.xml:41:13-45
68            android:screenOrientation="portrait"
68-->src\main\AndroidManifest.xml:42:13-49
69            android:windowSoftInputMode="adjustPan" >
69-->src\main\AndroidManifest.xml:43:13-52
70            <intent-filter>
70-->src\main\AndroidManifest.xml:45:13-49:29
71                <action android:name="android.intent.action.MAIN" />
71-->src\main\AndroidManifest.xml:46:17-69
71-->src\main\AndroidManifest.xml:46:25-66
72
73                <category android:name="android.intent.category.LAUNCHER" />
73-->src\main\AndroidManifest.xml:48:17-77
73-->src\main\AndroidManifest.xml:48:27-74
74            </intent-filter>
75            <intent-filter>
75-->src\main\AndroidManifest.xml:51:13-55:29
76                <action android:name="android.intent.action.SEND_MULTIPLE" />
76-->src\main\AndroidManifest.xml:52:17-78
76-->src\main\AndroidManifest.xml:52:25-75
77
78                <category android:name="android.intent.category.DEFAULT" />
78-->src\main\AndroidManifest.xml:53:17-76
78-->src\main\AndroidManifest.xml:53:27-73
79
80                <data android:mimeType="image/*" />
80-->src\main\AndroidManifest.xml:54:17-52
80-->src\main\AndroidManifest.xml:54:23-49
81            </intent-filter>
82            <intent-filter>
82-->src\main\AndroidManifest.xml:57:13-61:29
83                <action android:name="android.intent.action.SEND" />
83-->src\main\AndroidManifest.xml:58:17-69
83-->src\main\AndroidManifest.xml:58:25-66
84
85                <category android:name="android.intent.category.DEFAULT" />
85-->src\main\AndroidManifest.xml:53:17-76
85-->src\main\AndroidManifest.xml:53:27-73
86
87                <data android:mimeType="image/*" />
87-->src\main\AndroidManifest.xml:54:17-52
87-->src\main\AndroidManifest.xml:54:23-49
88            </intent-filter>
89
90            <meta-data
90-->src\main\AndroidManifest.xml:63:13-65:53
91                android:name="android.app.shortcuts"
91-->src\main\AndroidManifest.xml:64:17-53
92                android:resource="@xml/shortcuts" />
92-->src\main\AndroidManifest.xml:65:17-50
93        </activity>
94        <activity android:name="pdf.pdftool.activity.CropImageActivity" />
94-->src\main\AndroidManifest.xml:67:9-75
94-->src\main\AndroidManifest.xml:67:19-72
95
96        <provider
96-->src\main\AndroidManifest.xml:69:9-77:20
97            android:name="androidx.core.content.FileProvider"
97-->src\main\AndroidManifest.xml:70:13-62
98            android:authorities="com.pdf.pdftool"
98-->src\main\AndroidManifest.xml:71:13-50
99            android:exported="false"
99-->src\main\AndroidManifest.xml:72:13-37
100            android:grantUriPermissions="true" >
100-->src\main\AndroidManifest.xml:73:13-47
101            <meta-data
101-->src\main\AndroidManifest.xml:74:13-76:58
102                android:name="android.support.FILE_PROVIDER_PATHS"
102-->src\main\AndroidManifest.xml:75:17-67
103                android:resource="@xml/provider_paths" />
103-->src\main\AndroidManifest.xml:76:17-55
104        </provider>
105
106        <activity android:name="pdf.pdftool.activity.WelcomeActivity" />
106-->src\main\AndroidManifest.xml:79:9-73
106-->src\main\AndroidManifest.xml:79:19-70
107        <activity android:name="pdf.pdftool.activity.ImageEditor" />
107-->src\main\AndroidManifest.xml:80:9-69
107-->src\main\AndroidManifest.xml:80:19-66
108        <activity android:name="pdf.pdftool.activity.PreviewActivity" />
108-->src\main\AndroidManifest.xml:81:9-73
108-->src\main\AndroidManifest.xml:81:19-70
109        <activity android:name="pdf.pdftool.activity.RearrangeImages" />
109-->src\main\AndroidManifest.xml:82:9-73
109-->src\main\AndroidManifest.xml:82:19-70
110        <activity android:name="pdf.pdftool.activity.ImagesPreviewActivity" />
110-->src\main\AndroidManifest.xml:83:9-79
110-->src\main\AndroidManifest.xml:83:19-76
111        <activity android:name="pdf.pdftool.activity.RearrangePdfPages" />
111-->src\main\AndroidManifest.xml:84:9-75
111-->src\main\AndroidManifest.xml:84:19-72
112        <activity android:name="pdf.pdftool.activity.FavouritesActivity" />
112-->src\main\AndroidManifest.xml:85:9-75
112-->src\main\AndroidManifest.xml:85:19-73
113        <activity android:name="com.zhihu.matisse.ui.MatisseActivity" />
113-->[com.zhihu.android:matisse:0.5.3-beta3] AndroidManifest.xml:28:9-73
113-->[com.zhihu.android:matisse:0.5.3-beta3] AndroidManifest.xml:28:19-70
114        <activity android:name="com.zhihu.matisse.internal.ui.AlbumPreviewActivity" />
114-->[com.zhihu.android:matisse:0.5.3-beta3] AndroidManifest.xml:29:9-87
114-->[com.zhihu.android:matisse:0.5.3-beta3] AndroidManifest.xml:29:19-84
115        <activity android:name="com.zhihu.matisse.internal.ui.SelectedPreviewActivity" />
115-->[com.zhihu.android:matisse:0.5.3-beta3] AndroidManifest.xml:30:9-90
115-->[com.zhihu.android:matisse:0.5.3-beta3] AndroidManifest.xml:30:19-87
116        <activity
116-->[com.journeyapps:zxing-android-embedded:3.4.0] AndroidManifest.xml:46:9-52:63
117            android:name="com.journeyapps.barcodescanner.CaptureActivity"
117-->[com.journeyapps:zxing-android-embedded:3.4.0] AndroidManifest.xml:47:13-74
118            android:clearTaskOnLaunch="true"
118-->[com.journeyapps:zxing-android-embedded:3.4.0] AndroidManifest.xml:48:13-45
119            android:screenOrientation="sensorLandscape"
119-->[com.journeyapps:zxing-android-embedded:3.4.0] AndroidManifest.xml:49:13-56
120            android:stateNotNeeded="true"
120-->[com.journeyapps:zxing-android-embedded:3.4.0] AndroidManifest.xml:50:13-42
121            android:theme="@style/zxing_CaptureTheme"
121-->[com.journeyapps:zxing-android-embedded:3.4.0] AndroidManifest.xml:51:13-54
122            android:windowSoftInputMode="stateAlwaysHidden" />
122-->[com.journeyapps:zxing-android-embedded:3.4.0] AndroidManifest.xml:52:13-60
123        <activity
123-->[com.facebook.android:audience-network-sdk:5.11.0] AndroidManifest.xml:15:9-19:75
124            android:name="com.facebook.ads.AudienceNetworkActivity"
124-->[com.facebook.android:audience-network-sdk:5.11.0] AndroidManifest.xml:16:13-68
125            android:configChanges="keyboardHidden|orientation|screenSize"
125-->[com.facebook.android:audience-network-sdk:5.11.0] AndroidManifest.xml:17:13-74
126            android:exported="false"
126-->[com.facebook.android:audience-network-sdk:5.11.0] AndroidManifest.xml:18:13-37
127            android:theme="@android:style/Theme.Translucent.NoTitleBar" />
127-->[com.facebook.android:audience-network-sdk:5.11.0] AndroidManifest.xml:19:13-72
128
129        <provider
129-->[com.facebook.android:audience-network-sdk:5.11.0] AndroidManifest.xml:21:9-24:40
130            android:name="com.facebook.ads.AudienceNetworkContentProvider"
130-->[com.facebook.android:audience-network-sdk:5.11.0] AndroidManifest.xml:22:13-75
131            android:authorities="pdf.pdftool.AudienceNetworkContentProvider"
131-->[com.facebook.android:audience-network-sdk:5.11.0] AndroidManifest.xml:23:13-82
132            android:exported="false" /> <!-- Include the AdActivity and InAppPurchaseActivity configChanges and themes. -->
132-->[com.facebook.android:audience-network-sdk:5.11.0] AndroidManifest.xml:24:13-37
133        <activity
133-->[com.google.android.gms:play-services-ads-lite:19.4.0] AndroidManifest.xml:29:9-33:64
134            android:name="com.google.android.gms.ads.AdActivity"
134-->[com.google.android.gms:play-services-ads-lite:19.4.0] AndroidManifest.xml:30:13-65
135            android:configChanges="keyboard|keyboardHidden|orientation|screenLayout|uiMode|screenSize|smallestScreenSize"
135-->[com.google.android.gms:play-services-ads-lite:19.4.0] AndroidManifest.xml:31:13-122
136            android:exported="false"
136-->[com.google.android.gms:play-services-ads-lite:19.4.0] AndroidManifest.xml:32:13-37
137            android:theme="@android:style/Theme.Translucent" />
137-->[com.google.android.gms:play-services-ads-lite:19.4.0] AndroidManifest.xml:33:13-61
138
139        <provider
139-->[com.google.android.gms:play-services-ads-lite:19.4.0] AndroidManifest.xml:35:9-39:39
140            android:name="com.google.android.gms.ads.MobileAdsInitProvider"
140-->[com.google.android.gms:play-services-ads-lite:19.4.0] AndroidManifest.xml:36:13-76
141            android:authorities="pdf.pdftool.mobileadsinitprovider"
141-->[com.google.android.gms:play-services-ads-lite:19.4.0] AndroidManifest.xml:37:13-73
142            android:exported="false"
142-->[com.google.android.gms:play-services-ads-lite:19.4.0] AndroidManifest.xml:38:13-37
143            android:initOrder="100" />
143-->[com.google.android.gms:play-services-ads-lite:19.4.0] AndroidManifest.xml:39:13-36
144
145        <service
145-->[com.google.android.gms:play-services-ads-lite:19.4.0] AndroidManifest.xml:41:9-44:40
146            android:name="com.google.android.gms.ads.AdService"
146-->[com.google.android.gms:play-services-ads-lite:19.4.0] AndroidManifest.xml:42:13-64
147            android:enabled="true"
147-->[com.google.android.gms:play-services-ads-lite:19.4.0] AndroidManifest.xml:43:13-35
148            android:exported="false" />
148-->[com.google.android.gms:play-services-ads-lite:19.4.0] AndroidManifest.xml:44:13-37
149
150        <meta-data
150-->[com.google.android.gms:play-services-basement:17.3.0] AndroidManifest.xml:23:9-25:69
151            android:name="com.google.android.gms.version"
151-->[com.google.android.gms:play-services-basement:17.3.0] AndroidManifest.xml:24:13-58
152            android:value="@integer/google_play_services_version" />
152-->[com.google.android.gms:play-services-basement:17.3.0] AndroidManifest.xml:25:13-66
153
154        <activity
154-->[lib.kashif:folderpicker:2.4] AndroidManifest.xml:15:9-17:52
155            android:name="lib.folderpicker.FolderPicker"
155-->[lib.kashif:folderpicker:2.4] AndroidManifest.xml:16:13-57
156            android:screenOrientation="portrait" />
156-->[lib.kashif:folderpicker:2.4] AndroidManifest.xml:17:13-49
157    </application>
158
159</manifest>